SF:lib/src/base_view_model.dart
DA:33,1
DA:37,2
DA:38,2
DA:40,2
DA:45,1
DA:49,2
DA:50,1
DA:52,2
DA:57,1
DA:61,2
DA:67,1
DA:71,2
DA:72,3
DA:77,1
DA:79,3
DA:84,1
DA:86,2
DA:87,5
LF:18
LH:18
end_of_record
SF:lib/src/view_model_provider.dart
DA:14,1
DA:29,1
DA:45,1
DA:49,2
DA:50,2
DA:52,1
DA:55,1
DA:57,1
DA:58,1
DA:59,1
DA:64,1
DA:65,1
DA:66,1
DA:67,1
DA:68,2
DA:69,1
DA:72,1
DA:73,1
LF:18
LH:18
end_of_record
SF:lib/src/rx_builder.dart
DA:7,3
DA:29,3
DA:30,3
DA:37,3
DA:39,3
DA:40,12
DA:42,6
DA:45,6
DA:48,3
DA:49,3
DA:50,3
DA:57,6
DA:60,10
DA:63,3
DA:64,3
DA:68,6
DA:69,3
DA:73,3
DA:75,3
DA:76,3
DA:77,6
DA:78,12
LF:22
LH:22
end_of_record
SF:lib/src/rx_listener.dart
DA:13,4
DA:34,4
DA:35,4
DA:43,4
DA:45,4
DA:46,20
DA:47,8
DA:50,4
DA:52,4
DA:53,16
DA:54,4
DA:55,2
DA:56,1
DA:57,1
DA:62,4
DA:63,12
DA:66,4
DA:67,8
DA:70,4
DA:71,4
DA:73,16
DA:75,4
DA:78,4
DA:79,8
DA:82,1
DA:84,4
DA:87,4
DA:89,4
DA:90,4
DA:93,4
LF:30
LH:30
end_of_record
SF:lib/src/rx_consumer.dart
DA:8,1
DA:28,1
DA:30,1
DA:31,1
DA:32,2
DA:34,1
DA:35,1
DA:36,1
DA:37,1
DA:38,1
LF:10
LH:10
end_of_record
SF:lib/src/rx_selector.dart
DA:7,1
DA:24,1
DA:26,1
DA:27,1
DA:28,1
DA:29,2
DA:30,2
DA:31,1
DA:33,1
DA:34,2
DA:35,2
LF:11
LH:11
end_of_record
SF:lib/src/releasable_subjects.dart
DA:9,0
DA:10,0
LF:2
LH:0
end_of_record
SF:lib/src/multi_rx_builder.dart
DA:12,1
DA:25,1
DA:26,1
DA:35,1
DA:37,1
DA:38,5
DA:39,2
DA:40,2
DA:43,1
DA:45,1
DA:46,1
DA:49,1
DA:51,1
DA:52,4
DA:53,4
DA:54,3
DA:55,1
DA:56,1
DA:57,1
DA:62,1
DA:63,2
DA:64,4
DA:66,1
DA:67,3
DA:70,1
DA:71,2
DA:74,1
DA:75,6
DA:78,1
DA:79,2
DA:80,1
DA:84,1
DA:86,4
LF:33
LH:33
end_of_record
SF:lib/src/holder.dart
DA:5,2
DA:9,4
DA:11,4
DA:13,2
LF:4
LH:4
end_of_record
