SF:lib/src/base_view_model.dart
DA:33,1
DA:37,2
DA:38,2
DA:40,2
DA:45,1
DA:49,2
DA:50,1
DA:52,2
DA:57,1
DA:61,2
DA:67,1
DA:71,2
DA:72,3
DA:77,1
DA:79,3
DA:84,1
DA:86,2
DA:87,5
LF:18
LH:18
end_of_record
SF:lib/src/view_model_provider.dart
DA:14,1
DA:29,1
DA:45,1
DA:49,2
DA:50,2
DA:52,1
DA:55,1
DA:57,1
DA:58,1
DA:59,1
DA:64,1
DA:65,1
DA:66,1
DA:67,1
DA:68,2
DA:69,1
DA:72,1
DA:73,1
LF:18
LH:18
end_of_record
SF:lib/src/rx_builder.dart
DA:7,3
DA:29,3
DA:30,3
DA:37,3
DA:39,3
DA:40,12
DA:41,6
DA:43,6
DA:46,3
DA:47,3
DA:48,3
DA:51,6
DA:54,6
DA:57,10
DA:60,3
DA:61,3
DA:65,6
DA:66,3
DA:70,3
DA:72,3
DA:73,3
DA:74,6
DA:75,12
LF:23
LH:23
end_of_record
SF:lib/src/rx_listener.dart
DA:13,5
DA:34,5
DA:35,5
DA:43,5
DA:45,5
DA:46,25
DA:47,10
DA:50,5
DA:52,5
DA:53,20
DA:54,8
DA:55,4
DA:56,2
DA:57,2
DA:62,5
DA:63,15
DA:66,5
DA:67,10
DA:70,5
DA:71,5
DA:73,20
DA:75,5
DA:78,5
DA:79,10
DA:82,1
DA:84,4
DA:87,5
DA:89,5
DA:90,5
DA:93,5
LF:30
LH:30
end_of_record
SF:lib/src/rx_consumer.dart
DA:8,1
DA:28,1
DA:30,1
DA:31,1
DA:32,2
DA:34,1
DA:35,1
DA:36,1
DA:37,1
DA:38,1
LF:10
LH:10
end_of_record
SF:lib/src/rx_selector.dart
DA:7,1
DA:24,1
DA:26,1
DA:27,1
DA:28,1
DA:29,2
DA:30,2
DA:31,1
DA:33,1
DA:34,2
DA:35,2
LF:11
LH:11
end_of_record
SF:lib/src/releasable_subjects.dart
DA:9,0
DA:10,0
LF:2
LH:0
end_of_record
SF:lib/src/multi_rx_builder.dart
DA:10,1
DA:23,1
DA:24,1
DA:32,1
DA:34,1
DA:35,5
DA:38,1
DA:40,1
DA:41,4
DA:42,4
DA:43,3
DA:44,1
DA:49,1
DA:50,2
DA:53,1
DA:55,1
DA:56,1
DA:57,2
DA:58,1
DA:59,1
DA:60,2
DA:61,3
DA:65,1
DA:67,1
DA:68,3
LF:25
LH:25
end_of_record
